<?xml version="1.0" encoding="UTF-8"?>
<testng-results skipped="0" failed="0" ignored="0" total="2" passed="2">
  <reporter-output>
  </reporter-output>
  <suite name="Default suite" duration-ms="33842" started-at="2020-01-18T16:15:17 EST" finished-at="2020-01-18T16:15:51 EST">
    <groups>
    </groups>
    <test name="Default test" duration-ms="33842" started-at="2020-01-18T16:15:17 EST" finished-at="2020-01-18T16:15:51 EST">
      <class name="com.testcases.LoginPageTest">
        <test-method status="PASS" signature="setUp()[pri:0, instance:com.testcases.LoginPageTest@578486a3]" name="setUp" is-config="true" duration-ms="14926" started-at="2020-01-18T16:15:17 EST" finished-at="2020-01-18T16:15:32 EST">
          <reporter-output>
          </reporter-output>
        </test-method> <!-- setUp -->
        <test-method status="PASS" signature="login()[pri:0, instance:com.testcases.LoginPageTest@578486a3]" name="login" duration-ms="3286" started-at="2020-01-18T16:15:32 EST" finished-at="2020-01-18T16:15:35 EST">
          <reporter-output>
          </reporter-output>
        </test-method> <!-- login -->
        <test-method status="PASS" signature="tearDown()[pri:0, instance:com.testcases.LoginPageTest@578486a3]" name="tearDown" is-config="true" duration-ms="802" started-at="2020-01-18T16:15:35 EST" finished-at="2020-01-18T16:15:36 EST">
          <reporter-output>
          </reporter-output>
        </test-method> <!-- tearDown -->
        <test-method status="PASS" signature="setUp()[pri:0, instance:com.testcases.LoginPageTest@578486a3]" name="setUp" is-config="true" duration-ms="13711" started-at="2020-01-18T16:15:36 EST" finished-at="2020-01-18T16:15:50 EST">
          <reporter-output>
          </reporter-output>
        </test-method> <!-- setUp -->
        <test-method status="PASS" signature="negativeLogin()[pri:0, instance:com.testcases.LoginPageTest@578486a3]" name="negativeLogin" duration-ms="265" started-at="2020-01-18T16:15:50 EST" finished-at="2020-01-18T16:15:50 EST">
          <reporter-output>
          </reporter-output>
        </test-method> <!-- negativeLogin -->
        <test-method status="PASS" signature="tearDown()[pri:0, instance:com.testcases.LoginPageTest@578486a3]" name="tearDown" is-config="true" duration-ms="791" started-at="2020-01-18T16:15:50 EST" finished-at="2020-01-18T16:15:51 EST">
          <reporter-output>
          </reporter-output>
        </test-method> <!-- tearDown -->
      </class> <!-- com.testcases.LoginPageTest -->
    </test> <!-- Default test -->
  </suite> <!-- Default suite -->
</testng-results>
