<?xml version="1.0" encoding="UTF-8"?>
<testng-results skipped="0" failed="0" ignored="1" total="3" passed="2">
  <reporter-output>
  </reporter-output>
  <suite name="Regression Suite" duration-ms="17747" started-at="2020-01-19T12:57:49 EST" finished-at="2020-01-19T12:58:07 EST">
    <groups>
      <group name="regression">
        <method signature="LeaveListPageTest.leaveLabelvalidation()[pri:0, instance:com.hrms.testcases.LeaveListPageTest@2a17b7b6]" name="leaveLabelvalidation" class="com.hrms.testcases.LeaveListPageTest"/>
        <method signature="LoginPageTest.negativeLogin()[pri:0, instance:com.hrms.testcases.LoginPageTest@4f063c0a]" name="negativeLogin" class="com.hrms.testcases.LoginPageTest"/>
      </group> <!-- regression -->
    </groups>
    <test name="Regression Test" duration-ms="17747" started-at="2020-01-19T12:57:49 EST" finished-at="2020-01-19T12:58:07 EST">
      <class name="com.hrms.testcases.LoginPageTest">
        <test-method status="PASS" signature="setUp()[pri:0, instance:com.hrms.testcases.LoginPageTest@4f063c0a]" name="setUp" is-config="true" duration-ms="2203" started-at="2020-01-19T12:57:59 EST" finished-at="2020-01-19T12:58:02 EST">
          <reporter-output>
          </reporter-output>
        </test-method> <!-- setUp -->
        <test-method status="PASS" signature="negativeLogin()[pri:0, instance:com.hrms.testcases.LoginPageTest@4f063c0a]" name="negativeLogin" duration-ms="5235" started-at="2020-01-19T12:58:02 EST" finished-at="2020-01-19T12:58:07 EST">
          <reporter-output>
          </reporter-output>
        </test-method> <!-- negativeLogin -->
        <test-method status="PASS" signature="tearDown()[pri:0, instance:com.hrms.testcases.LoginPageTest@4f063c0a]" name="tearDown" is-config="true" duration-ms="87" started-at="2020-01-19T12:58:07 EST" finished-at="2020-01-19T12:58:07 EST">
          <reporter-output>
          </reporter-output>
        </test-method> <!-- tearDown -->
      </class> <!-- com.hrms.testcases.LoginPageTest -->
      <class name="com.hrms.testcases.LeaveListPageTest">
        <test-method status="PASS" signature="setUp()[pri:0, instance:com.hrms.testcases.LeaveListPageTest@2a17b7b6]" name="setUp" is-config="true" duration-ms="2762" started-at="2020-01-19T12:57:49 EST" finished-at="2020-01-19T12:57:52 EST">
          <reporter-output>
          </reporter-output>
        </test-method> <!-- setUp -->
        <test-method status="PASS" signature="leaveLabelvalidation()[pri:0, instance:com.hrms.testcases.LeaveListPageTest@2a17b7b6]" name="leaveLabelvalidation" duration-ms="7325" started-at="2020-01-19T12:57:52 EST" finished-at="2020-01-19T12:57:59 EST">
          <reporter-output>
          </reporter-output>
        </test-method> <!-- leaveLabelvalidation -->
        <test-method status="PASS" signature="tearDown()[pri:0, instance:com.hrms.testcases.LeaveListPageTest@2a17b7b6]" name="tearDown" is-config="true" duration-ms="96" started-at="2020-01-19T12:57:59 EST" finished-at="2020-01-19T12:57:59 EST">
          <reporter-output>
          </reporter-output>
        </test-method> <!-- tearDown -->
      </class> <!-- com.hrms.testcases.LeaveListPageTest -->
    </test> <!-- Regression Test -->
  </suite> <!-- Regression Suite -->
</testng-results>
