<?xml version="1.0" encoding="UTF-8"?>
<testng-results skipped="0" failed="0" ignored="0" total="1" passed="1">
  <reporter-output>
  </reporter-output>
  <suite name="Default suite" duration-ms="54" started-at="2020-01-18T12:24:16 EST" finished-at="2020-01-18T12:24:16 EST">
    <groups>
    </groups>
    <test name="Default test" duration-ms="54" started-at="2020-01-18T12:24:16 EST" finished-at="2020-01-18T12:24:16 EST">
      <class name="com.parctice.Testing">
        <test-method status="PASS" signature="testing()[pri:0, instance:com.parctice.Testing@2b2948e2]" name="testing" duration-ms="11" started-at="2020-01-18T12:24:16 EST" finished-at="2020-01-18T12:24:16 EST">
          <reporter-output>
          </reporter-output>
        </test-method> <!-- testing -->
      </class> <!-- com.parctice.Testing -->
    </test> <!-- Default test -->
  </suite> <!-- Default suite -->
</testng-results>
