<?xml version="1.0" encoding="UTF-8"?>
<!-- Generated by org.testng.reporters.JUnitXMLReporter -->
<testsuite hostname="Sumairs-MacBook-Pro.local" ignored="0" name="Default test" tests="3" failures="0" timestamp="2020-01-16T20:22:18 EST" time="0.05" errors="0">
  <testcase name="test1" time="0.011" classname="com.class4.ListenersDemo"/>
  <testcase name="test2" time="0.001" classname="com.class4.ListenersDemo"/>
  <testcase name="test3" time="0.001" classname="com.class4.ListenersDemo"/>
</testsuite> <!-- Default test -->
