<?xml version="1.0" encoding="UTF-8"?>
<!-- Generated by org.testng.reporters.JUnitXMLReporter -->
<testsuite hostname="Sumairs-MacBook-Pro.local" ignored="0" name="Default test" tests="4" failures="0" timestamp="2020-01-14T21:50:36 EST" time="40.869" errors="0">
  <testcase name="login" time="2.256" classname="com.utils.DataProviderDemo"/>
  <testcase name="login1" time="9.766" classname="com.utils.DataProviderDemo"/>
  <testcase name="login1" time="7.464" classname="com.utils.DataProviderDemo"/>
  <testcase name="login1" time="7.319" classname="com.utils.DataProviderDemo"/>
</testsuite> <!-- Default test -->
