<?xml version="1.0" encoding="UTF-8"?>
<!-- Generated by org.testng.reporters.JUnitXMLReporter -->
<testsuite hostname="Sumairs-MacBook-Pro.local" ignored="1" name="Regression Test" tests="2" failures="0" timestamp="2020-01-19T12:58:12 EST" time="17.747" errors="0">
  <testcase name="leaveLabelvalidation" time="7.325" classname="com.hrms.testcases.LeaveListPageTest"/>
  <testcase name="negativeLogin" time="5.235" classname="com.hrms.testcases.LoginPageTest"/>
  <testcase name="login" time="0.0" classname="com.hrms.testcases.LoginPageTest">
    <ignored/>
  </testcase> <!-- login -->
</testsuite> <!-- Regression Test -->
