<?xml version="1.0" encoding="UTF-8"?>
<!-- Generated by org.testng.reporters.JUnitXMLReporter -->
<testsuite hostname="Sumairs-MacBook-Pro.local" ignored="0" name="Test" tests="3" failures="0" timestamp="2020-01-12T14:43:55 EST" time="0.055" errors="0">
  <testcase name="testA1" time="0.007" classname="com.class1.TaskTwo"/>
  <testcase name="testZ9" time="0.001" classname="com.class1.TaskTwo"/>
  <testcase name="test" time="0.002" classname="com.class1.DifferentAnnotations"/>
</testsuite> <!-- Test -->
