<?xml version="1.0" encoding="UTF-8"?>
<!-- Generated by org.testng.reporters.JUnitXMLReporter -->
<testsuite hostname="Sumairs-MacBook-Pro.local" ignored="0" name="PIM" tests="8" failures="1" timestamp="2020-01-15T21:45:15 EST" time="0.073" errors="0">
  <testcase name="testOne" time="0.014" classname="com.reviewclass1.AssertionReviewDemo"/>
  <testcase name="testTwo" time="0.004" classname="com.reviewclass1.AssertionReviewDemo">
    <failure type="java.lang.AssertionError" message="The following asserts failed:
	Lists differ at element [2]: cb != c expected [cb] but found [c]">
      <![CDATA[java.lang.AssertionError: The following asserts failed:
Lists differ at element [2]: cb != c expected [cb] but found [c]
at com.reviewclass1.AssertionReviewDemo.testTwo(AssertionReviewDemo.java:51)
at java.util.ArrayList.forEach(ArrayList.java:1257)
... Removed 29 stack frames]]>
    </failure>
  </testcase> <!-- testTwo -->
  <testcase name="test1" time="0.001" classname="com.reviewclass1.AnnotationsDemo2"/>
  <testcase name="test2" time="0.001" classname="com.reviewclass1.AnnotationsDemo2"/>
  <testcase name="D" time="0.0" classname="com.reviewclass1.AnnotationDemo"/>
  <testcase name="B" time="0.0" classname="com.reviewclass1.AnnotationDemo"/>
  <testcase name="A" time="0.001" classname="com.reviewclass1.AnnotationDemo"/>
  <testcase name="C" time="0.001" classname="com.reviewclass1.AnnotationDemo"/>
</testsuite> <!-- PIM -->
