<?xml version="1.0" encoding="UTF-8"?>
<testng-results skipped="0" failed="0" ignored="0" total="3" passed="3">
  <reporter-output>
  </reporter-output>
  <suite name="Default suite" duration-ms="65" started-at="2020-01-15T22:00:55 EST" finished-at="2020-01-15T22:00:55 EST">
    <groups>
    </groups>
    <test name="Default test" duration-ms="65" started-at="2020-01-15T22:00:55 EST" finished-at="2020-01-15T22:00:55 EST">
      <class name="com.reviewclass1.PrametarizationDemo">
        <test-method status="PASS" signature="testOne(java.lang.String, java.lang.String)[pri:0, instance:com.reviewclass1.PrametarizationDemo@5abca1e0]" name="testOne" duration-ms="8" started-at="2020-01-15T22:00:55 EST" data-provider="getData" finished-at="2020-01-15T22:00:55 EST">
          <params>
            <param index="0">
              <value>
                <![CDATA[test1@yahoo.com]]>
              </value>
            </param>
            <param index="1">
              <value>
                <![CDATA[test1@123]]>
              </value>
            </param>
          </params>
          <reporter-output>
          </reporter-output>
        </test-method> <!-- testOne -->
        <test-method status="PASS" signature="testOne(java.lang.String, java.lang.String)[pri:0, instance:com.reviewclass1.PrametarizationDemo@5abca1e0]" name="testOne" duration-ms="2" started-at="2020-01-15T22:00:55 EST" data-provider="getData" finished-at="2020-01-15T22:00:55 EST">
          <params>
            <param index="0">
              <value>
                <![CDATA[test2@gmail.com]]>
              </value>
            </param>
            <param index="1">
              <value>
                <![CDATA[test2.123]]>
              </value>
            </param>
          </params>
          <reporter-output>
          </reporter-output>
        </test-method> <!-- testOne -->
        <test-method status="PASS" signature="testOne(java.lang.String, java.lang.String)[pri:0, instance:com.reviewclass1.PrametarizationDemo@5abca1e0]" name="testOne" duration-ms="2" started-at="2020-01-15T22:00:55 EST" data-provider="getData" finished-at="2020-01-15T22:00:55 EST">
          <params>
            <param index="0">
              <value>
                <![CDATA[test3@live.com]]>
              </value>
            </param>
            <param index="1">
              <value>
                <![CDATA[test3@567]]>
              </value>
            </param>
          </params>
          <reporter-output>
          </reporter-output>
        </test-method> <!-- testOne -->
      </class> <!-- com.reviewclass1.PrametarizationDemo -->
    </test> <!-- Default test -->
  </suite> <!-- Default suite -->
</testng-results>
