<?xml version="1.0" encoding="UTF-8"?>
<testng-results skipped="0" failed="0" ignored="0" total="4" passed="4">
  <reporter-output>
  </reporter-output>
  <suite name="Default suite" duration-ms="40869" started-at="2020-01-14T21:49:50 EST" finished-at="2020-01-14T21:50:31 EST">
    <groups>
    </groups>
    <test name="Default test" duration-ms="40869" started-at="2020-01-14T21:49:50 EST" finished-at="2020-01-14T21:50:31 EST">
      <class name="com.utils.DataProviderDemo">
        <test-method status="PASS" signature="openBrowser()[pri:0, instance:com.utils.DataProviderDemo@7791a895]" name="openBrowser" is-config="true" duration-ms="4120" started-at="2020-01-14T21:49:50 EST" finished-at="2020-01-14T21:49:54 EST">
          <reporter-output>
          </reporter-output>
        </test-method> <!-- openBrowser -->
        <test-method status="PASS" signature="login()[pri:0, instance:com.utils.DataProviderDemo@7791a895]" name="login" duration-ms="2256" started-at="2020-01-14T21:49:54 EST" finished-at="2020-01-14T21:49:57 EST">
          <reporter-output>
          </reporter-output>
        </test-method> <!-- login -->
        <test-method status="PASS" signature="tearDown()[pri:0, instance:com.utils.DataProviderDemo@7791a895]" name="tearDown" is-config="true" duration-ms="86" started-at="2020-01-14T21:49:57 EST" finished-at="2020-01-14T21:49:57 EST">
          <reporter-output>
          </reporter-output>
        </test-method> <!-- tearDown -->
        <test-method status="PASS" signature="openBrowser()[pri:0, instance:com.utils.DataProviderDemo@7791a895]" name="openBrowser" is-config="true" duration-ms="2797" started-at="2020-01-14T21:49:57 EST" finished-at="2020-01-14T21:50:00 EST">
          <reporter-output>
          </reporter-output>
        </test-method> <!-- openBrowser -->
        <test-method status="PASS" signature="login1(java.lang.String, java.lang.String)[pri:0, instance:com.utils.DataProviderDemo@7791a895]" name="login1" duration-ms="9766" started-at="2020-01-14T21:50:00 EST" data-provider="getData" finished-at="2020-01-14T21:50:09 EST">
          <params>
            <param index="0">
              <value>
                <![CDATA[Admin]]>
              </value>
            </param>
            <param index="1">
              <value>
                <![CDATA[Hum@nhrm123]]>
              </value>
            </param>
          </params>
          <reporter-output>
          </reporter-output>
        </test-method> <!-- login1 -->
        <test-method status="PASS" signature="tearDown()[pri:0, instance:com.utils.DataProviderDemo@7791a895]" name="tearDown" is-config="true" duration-ms="102" started-at="2020-01-14T21:50:09 EST" finished-at="2020-01-14T21:50:10 EST">
          <reporter-output>
          </reporter-output>
        </test-method> <!-- tearDown -->
        <test-method status="PASS" signature="openBrowser()[pri:0, instance:com.utils.DataProviderDemo@7791a895]" name="openBrowser" is-config="true" duration-ms="2389" started-at="2020-01-14T21:50:10 EST" finished-at="2020-01-14T21:50:12 EST">
          <reporter-output>
          </reporter-output>
        </test-method> <!-- openBrowser -->
        <test-method status="PASS" signature="login1(java.lang.String, java.lang.String)[pri:0, instance:com.utils.DataProviderDemo@7791a895]" name="login1" duration-ms="7464" started-at="2020-01-14T21:50:12 EST" data-provider="getData" finished-at="2020-01-14T21:50:19 EST">
          <params>
            <param index="0">
              <value>
                <![CDATA[Syntax]]>
              </value>
            </param>
            <param index="1">
              <value>
                <![CDATA[Syntax123!]]>
              </value>
            </param>
          </params>
          <reporter-output>
          </reporter-output>
        </test-method> <!-- login1 -->
        <test-method status="PASS" signature="tearDown()[pri:0, instance:com.utils.DataProviderDemo@7791a895]" name="tearDown" is-config="true" duration-ms="90" started-at="2020-01-14T21:50:19 EST" finished-at="2020-01-14T21:50:19 EST">
          <reporter-output>
          </reporter-output>
        </test-method> <!-- tearDown -->
        <test-method status="PASS" signature="openBrowser()[pri:0, instance:com.utils.DataProviderDemo@7791a895]" name="openBrowser" is-config="true" duration-ms="4343" started-at="2020-01-14T21:50:19 EST" finished-at="2020-01-14T21:50:24 EST">
          <reporter-output>
          </reporter-output>
        </test-method> <!-- openBrowser -->
        <test-method status="PASS" signature="login1(java.lang.String, java.lang.String)[pri:0, instance:com.utils.DataProviderDemo@7791a895]" name="login1" duration-ms="7319" started-at="2020-01-14T21:50:24 EST" data-provider="getData" finished-at="2020-01-14T21:50:31 EST">
          <params>
            <param index="0">
              <value>
                <![CDATA[SyntaxUser]]>
              </value>
            </param>
            <param index="1">
              <value>
                <![CDATA[Syntax123!]]>
              </value>
            </param>
          </params>
          <reporter-output>
          </reporter-output>
        </test-method> <!-- login1 -->
        <test-method status="PASS" signature="tearDown()[pri:0, instance:com.utils.DataProviderDemo@7791a895]" name="tearDown" is-config="true" duration-ms="86" started-at="2020-01-14T21:50:31 EST" finished-at="2020-01-14T21:50:31 EST">
          <reporter-output>
          </reporter-output>
        </test-method> <!-- tearDown -->
      </class> <!-- com.utils.DataProviderDemo -->
    </test> <!-- Default test -->
  </suite> <!-- Default suite -->
</testng-results>
